Base path: 'D:/Work/UnityEditor/2019.2.14f1/Editor/Data', plugins path 'D:/Work/UnityEditor/2019.2.14f1/Editor/Data/PlaybackEngines'
Cmd: initializeCompiler
Cmd: compileComputeKernel
  api=4 insize=18610 outsize=4952 ok=1
Cmd: compileComputeKernel
  api=4 insize=15603 outsize=116548 ok=1
Cmd: compileComputeKernel
  api=4 insize=15603 outsize=65731 ok=1
Cmd: compileComputeKernel
  api=4 insize=15603 outsize=50933 ok=1
Cmd: compileComputeKernel
  api=4 insize=15603 outsize=46014 ok=1
Cmd: compileComputeKernel
  api=4 insize=15603 outsize=98233 ok=1
Cmd: compileComputeKernel
  api=4 insize=25750 outsize=13735 ok=1
Cmd: compileComputeKernel
  api=4 insize=25750 outsize=15879 ok=1
Cmd: compileComputeKernel
  api=4 insize=9347 outsize=12684 ok=1
Cmd: compileComputeKernel
  api=4 insize=13624 outsize=2094 ok=1
Cmd: compileComputeKernel
  api=4 insize=18299 outsize=8653 ok=1
Cmd: compileComputeKernel
  api=4 insize=21554 outsize=15241 ok=1
Cmd: compileComputeKernel
  api=4 insize=5906 outsize=9178 ok=1
Cmd: compileComputeKernel
  api=4 insize=21751 outsize=21785 ok=1
Cmd: compileComputeKernel
  api=4 insize=8644 outsize=660 ok=1
Cmd: compileComputeKernel
  api=4 insize=36515 outsize=32395 ok=1
Cmd: compileComputeKernel
  api=4 insize=36515 outsize=31493 ok=1
Cmd: compileComputeKernel
  api=4 insize=8350 outsize=2100 ok=1
Cmd: compileComputeKernel
  api=4 insize=5065 outsize=1297 ok=1
Cmd: compileComputeKernel
  api=4 insize=3043 outsize=2756 ok=1
Cmd: compileComputeKernel
  api=4 insize=7700 outsize=4491 ok=1
Cmd: compileComputeKernel
  api=4 insize=3918 outsize=662 ok=1
Cmd: compileComputeKernel
  api=4 insize=17632 outsize=5369 ok=1
Cmd: compileSnippet
  api=4 type=1 insize=7138 outsize=5582 kw=DECALS_3RT LIGHT_LAYERS _NORMALMAP_TANGENT_SPACE pd=UNITY_ENABLE_REFLECTION_BUFFERS UNITY_USE_DITHER_MASK_FOR_ALPHABLENDED_SHADOWS UNITY_PBS_USE_BRDF1 UNITY_SPECCUBE_BOX_PROJECTION UNITY_SPECCUBE_BLENDING UNITY_ENABLE_DETAIL_NORMALMAP SHADER_API_DESKTOP UNITY_LIGHT_PROBE_PROXY_VOLUME UNITY_LIGHTMAP_FULL_HDR ok=1
