
=== Wed Nov 13 15:00:19 2019

Packages were changed.
Update Mode: mergeDefaultDependencies

The following packages were added:
  com.unity.package-manager-ui@2.2.0
  com.unity.ext.nunit@1.0.0
  com.unity.test-framework@1.0.13
  com.unity.ide.vscode@1.1.2
  com.unity.ide.rider@1.1.0
  com.unity.ugui@1.0.0
  com.unity.modules.androidjni@1.0.0
<<<<<<< Updated upstream

<<<<<<< Updated upstream
=== Sun Nov 24 17:54:14 2019
=======
=== Sun Nov 24 18:09:26 2019
>>>>>>> Stashed changes

Packages were changed.
Update Mode: updateDependencies

The following packages were added:
  com.unity.2d.tilemap@1.0.0
  com.unity.analytics@3.3.2
  com.unity.purchasing@2.0.6
  com.unity.ads@2.0.8
  com.unity.2d.sprite@1.0.0
  com.unity.multiplayer-hlapi@1.0.2
  com.unity.xr.legacyinputhelpers@2.0.2
=======

=== Tue Nov 26 18:54:59 2019

Packages were changed.
Update Mode: updateDependencies

The following packages were added:
  com.unity.2d.tilemap@1.0.0
  com.unity.analytics@3.3.2
  com.unity.purchasing@2.0.6
  com.unity.ads@2.0.8
  com.unity.2d.sprite@1.0.0
  com.unity.multiplayer-hlapi@1.0.2
  com.unity.xr.legacyinputhelpers@2.0.2
>>>>>>> Stashed changes
